<?xml version="1.0" encoding="UTF-8"?>
<!-- Generated by org.testng.reporters.JUnitXMLReporter -->
<testsuite hostname="Sohels-MacBook-Air.local" name="Homepagetest" tests="2" failures="1" timestamp="17 Nov 2019 12:59:01 GMT" time="1.206" errors="0">
  <testcase name="Verifylinks" time="1.01" classname="com.test.tests.Homepagetest">
    <failure type="java.lang.AssertionError" message="expected:&amp;lt;Create new account&amp;gt; but was:&amp;lt;Welcome Back!&amp;gt;">
      <![CDATA[java.lang.AssertionError: expected:<Create new account> but was:<Welcome Back!>
	at com.test.tests.Homepagetest.Verifylinks(Homepagetest.java:39)
... Removed 26 stack frames]]>
    </failure>
  </testcase> <!-- Verifylinks -->
  <testcase name="Verifytexts" time="0.038" classname="com.test.tests.Homepagetest"/>
</testsuite> <!-- Homepagetest -->
