<?xml version="1.0" encoding="UTF-8"?>
<testng-results skipped="0" failed="0" total="2" passed="2">
  <reporter-output>
  </reporter-output>
  <suite name="Default suite" duration-ms="1708" started-at="2019-11-08T05:21:47Z" finished-at="2019-11-08T05:21:49Z">
    <groups>
    </groups>
    <test name="Default test" duration-ms="1708" started-at="2019-11-08T05:21:47Z" finished-at="2019-11-08T05:21:49Z">
      <class name="com.test.tests.Homepagetest">
        <test-method status="PASS" signature="Verifylinks()[pri:0, instance:com.test.tests.Homepagetest@248e319b]" name="Verifylinks" duration-ms="1536" started-at="2019-11-08T11:21:47Z" finished-at="2019-11-08T11:21:48Z">
          <reporter-output>
          </reporter-output>
        </test-method> <!-- Verifylinks -->
        <test-method status="PASS" signature="Verifytexts()[pri:0, instance:com.test.tests.Homepagetest@248e319b]" name="Verifytexts" duration-ms="158" started-at="2019-11-08T11:21:48Z" finished-at="2019-11-08T11:21:49Z">
          <reporter-output>
          </reporter-output>
        </test-method> <!-- Verifytexts -->
      </class> <!-- com.test.tests.Homepagetest -->
    </test> <!-- Default test -->
  </suite> <!-- Default suite -->
</testng-results>
